2023-02-08 20:51:09,894 [INFO] Activator:179 - 


2023-02-08 20:51:09,895 [INFO] Activator:180 - !SESSION log4j initialized
2023-02-08 20:51:15,968 [INFO] McuFinderGlobals:52 - Set McuFinder mode to 2 (CubeIDE integrated)
2023-02-08 20:51:16,372 [INFO] ApplicationProperties:181 - Using Application install path: /opt/st/stm32cubeide_1.11.0/plugins/com.st.stm32cube.common.mx_6.7.0.202211181646
2023-02-08 20:51:16,395 [INFO] DbMcusXml:77 - Set database path to: /opt/st/stm32cubeide_1.11.0/plugins/com.st.stm32cube.common.mx_6.7.0.202211181646//db//mcu/
2023-02-08 20:51:16,395 [INFO] ApiDb:273 - Set plugin database path to: /opt/st/stm32cubeide_1.11.0/plugins/com.st.stm32cube.common.mx_6.7.0.202211181646//db//plugins/boardmanager/
2023-02-08 20:51:16,401 [WARN] ApiDb:258 - Overriding images path with different value:  => /opt/st/stm32cubeide_1.11.0/plugins/com.st.stm32cube.common.mx_6.7.0.202211181646//db//plugins/mcufinder/images/
2023-02-08 20:51:16,444 [INFO] ApiDb:249 - Set database path to: /home/gx1400/.stmcufinder/plugins/mcufinder//mcu/
2023-02-08 20:51:16,449 [INFO] DbMcusAds:124 - Set database path to: /home/gx1400/.stmcufinder/plugins/mcufinder//mcu/
2023-02-08 20:51:17,455 [INFO] CrossReferenceDbSqlite:202 - Set database path to: /home/gx1400/.stmcufinder/plugins/mcufinder//mcu/cs/
2023-02-08 20:51:17,615 [INFO] RulesReader:61 - Compatibility file has been processed (283 Rules)
2023-02-08 20:51:17,716 [INFO] DbMcusXml:77 - Set database path to: /opt/st/stm32cubeide_1.11.0/plugins/com.st.stm32cube.common.mx_6.7.0.202211181646//db//mcu/
2023-02-08 20:51:17,716 [INFO] ApiDb:273 - Set plugin database path to: /opt/st/stm32cubeide_1.11.0/plugins/com.st.stm32cube.common.mx_6.7.0.202211181646//db//plugins/boardmanager/
2023-02-08 20:51:17,717 [INFO] ApiDb:260 - Set plugin images path to: /opt/st/stm32cubeide_1.11.0/plugins/com.st.stm32cube.common.mx_6.7.0.202211181646//db//plugins/mcufinder/images/
2023-02-08 20:51:17,717 [WARN] DbFile:40 - Overriding database path with different value: /home/gx1400/.stmcufinder/plugins/mcufinder/ => /home/gx1400/.stmcufinder/plugins/mcufinder
2023-02-08 20:51:17,718 [INFO] ApiDb:249 - Set database path to: /home/gx1400/.stmcufinder/plugins/mcufinder//mcu/
2023-02-08 20:51:17,718 [WARN] DbFile:40 - Overriding database path with different value: /home/gx1400/.stmcufinder/plugins/mcufinder/ => /home/gx1400/.stmcufinder/plugins/mcufinder
2023-02-08 20:51:17,718 [INFO] DbMcusAds:124 - Set database path to: /home/gx1400/.stmcufinder/plugins/mcufinder//mcu/
2023-02-08 20:51:17,719 [WARN] DbFile:40 - Overriding database path with different value: /home/gx1400/.stmcufinder/plugins/mcufinder/ => /home/gx1400/.stmcufinder/plugins/mcufinder
2023-02-08 20:51:17,719 [WARN] DbFile:40 - Overriding database path with different value: /home/gx1400/.stmcufinder/plugins/mcufinder/ => /home/gx1400/.stmcufinder/plugins/mcufinder
2023-02-08 20:51:18,721 [INFO] CrossReferenceDbSqlite:202 - Set database path to: /home/gx1400/.stmcufinder/plugins/mcufinder//mcu/cs/
2023-02-08 20:51:18,815 [INFO] MainPanel:252 - HeapMemory: 268435456
2023-02-08 20:51:18,902 [INFO] DbMcusXml:77 - Set database path to: /opt/st/stm32cubeide_1.11.0/plugins/com.st.stm32cube.common.mx_6.7.0.202211181646//db//mcu/
2023-02-08 20:51:18,902 [INFO] ApiDb:273 - Set plugin database path to: /opt/st/stm32cubeide_1.11.0/plugins/com.st.stm32cube.common.mx_6.7.0.202211181646//db//plugins/boardmanager/
2023-02-08 20:51:18,902 [INFO] ApiDb:260 - Set plugin images path to: /opt/st/stm32cubeide_1.11.0/plugins/com.st.stm32cube.common.mx_6.7.0.202211181646//db//plugins/mcufinder/images/
2023-02-08 20:51:18,903 [WARN] DbFile:40 - Overriding database path with different value: /home/gx1400/.stmcufinder/plugins/mcufinder/ => /home/gx1400/.stmcufinder/plugins/mcufinder
2023-02-08 20:51:18,903 [INFO] ApiDb:249 - Set database path to: /home/gx1400/.stmcufinder/plugins/mcufinder//mcu/
2023-02-08 20:51:18,903 [WARN] DbFile:40 - Overriding database path with different value: /home/gx1400/.stmcufinder/plugins/mcufinder/ => /home/gx1400/.stmcufinder/plugins/mcufinder
2023-02-08 20:51:18,903 [INFO] DbMcusAds:124 - Set database path to: /home/gx1400/.stmcufinder/plugins/mcufinder//mcu/
2023-02-08 20:51:18,904 [WARN] DbFile:40 - Overriding database path with different value: /home/gx1400/.stmcufinder/plugins/mcufinder/ => /home/gx1400/.stmcufinder/plugins/mcufinder
2023-02-08 20:51:18,904 [WARN] DbFile:40 - Overriding database path with different value: /home/gx1400/.stmcufinder/plugins/mcufinder/ => /home/gx1400/.stmcufinder/plugins/mcufinder
2023-02-08 20:51:19,905 [INFO] CrossReferenceDbSqlite:202 - Set database path to: /home/gx1400/.stmcufinder/plugins/mcufinder//mcu/cs/
2023-02-08 20:51:19,970 [INFO] ApplicationProperties:181 - Using Application install path: /opt/st/stm32cubeide_1.11.0/plugins/com.st.stm32cube.common.mx_6.7.0.202211181646
2023-02-08 20:51:19,971 [INFO] PluginManage:193 - Search for loadable plugins [exclusion list=, ]
2023-02-08 20:51:19,973 [INFO] PluginManage:307 - Check plugin analytics
2023-02-08 20:51:21,223 [INFO] AnalyticsPlugin:262 - Accepted Software Licenses: 
2023-02-08 20:51:21,224 [INFO] AnalyticsPlugin:264 - Accepted CMSIS Pack Licenses: 
2023-02-08 20:51:21,224 [INFO] AnalyticsPlugin:266 - Accepted Firmware Licenses: 
2023-02-08 20:51:21,234 [INFO] PluginManage:356 - Loaded plugin analytics (category:tool,tabindex:-1)
2023-02-08 20:51:21,235 [INFO] PluginManage:307 - Check plugin cadmodel
2023-02-08 20:51:21,275 [INFO] CADModel:104 - Init CAD model plugin
2023-02-08 20:51:21,275 [INFO] PluginManage:356 - Loaded plugin cadmodel (category:power,tabindex:5)
2023-02-08 20:51:21,276 [INFO] PluginManage:307 - Check plugin clock
2023-02-08 20:51:21,285 [INFO] PluginManage:356 - Loaded plugin clock (category:base,tabindex:2)
2023-02-08 20:51:21,286 [INFO] PluginManage:307 - Check plugin ddr
2023-02-08 20:51:21,288 [INFO] PluginManage:356 - Loaded plugin ddr (category:tool,tabindex:6)
2023-02-08 20:51:21,288 [INFO] PluginManage:307 - Check plugin filemanager
2023-02-08 20:51:21,501 [INFO] PluginManage:356 - Loaded plugin filemanager (category:base,tabindex:10)
2023-02-08 20:51:21,502 [INFO] PluginManage:307 - Check plugin ipmanager
2023-02-08 20:51:21,512 [INFO] PluginManage:356 - Loaded plugin ipmanager (category:base,tabindex:5)
2023-02-08 20:51:21,512 [INFO] PluginManage:307 - Check plugin lpbam
2023-02-08 20:51:21,525 [INFO] PluginManage:356 - Loaded plugin lpbam (category:base,tabindex:0)
2023-02-08 20:51:21,525 [INFO] PluginManage:307 - Check plugin pinoutandconfiguration
2023-02-08 20:51:21,534 [INFO] PluginManage:356 - Loaded plugin pinoutandconfiguration (category:base,tabindex:1)
2023-02-08 20:51:21,534 [INFO] PluginManage:307 - Check plugin pinoutconfig
2023-02-08 20:51:21,589 [INFO] PluginManage:356 - Loaded plugin pinoutconfig (category:base,tabindex:0)
2023-02-08 20:51:21,590 [INFO] PluginManage:307 - Check plugin power
2023-02-08 20:51:21,609 [INFO] PluginManage:356 - Loaded plugin power (category:power,tabindex:4)
2023-02-08 20:51:21,609 [INFO] PluginManage:307 - Check plugin projectmanager
2023-02-08 20:51:21,640 [INFO] PluginManage:356 - Loaded plugin projectmanager (category:projectmanager,tabindex:3)
2023-02-08 20:51:21,640 [INFO] PluginManage:307 - Check plugin thirdparty
2023-02-08 20:51:21,831 [WARN] IntegrityCheckThread:82 - waiting for thirdparty lock release [integrity check]
2023-02-08 20:51:21,832 [INFO] PluginManage:356 - Loaded plugin thirdparty (category:base,tabindex:-1)
2023-02-08 20:51:21,832 [INFO] IntegrityCheckThread:84 - entering critical section [integrity check]
2023-02-08 20:51:21,833 [INFO] PluginManage:307 - Check plugin tools
2023-02-08 20:51:21,838 [INFO] PluginManage:356 - Loaded plugin tools (category:base,tabindex:7)
2023-02-08 20:51:21,839 [INFO] PluginManage:307 - Check plugin tutovideos
2023-02-08 20:51:21,840 [INFO] ThirdPartyUpdaterWithRetryManager:70 - Updater plugin not ready yet. [1/15]
2023-02-08 20:51:22,090 [INFO] PluginManage:356 - Loaded plugin tutovideos (category:base,tabindex:-1)
2023-02-08 20:51:22,090 [INFO] PluginManage:307 - Check plugin updater
2023-02-08 20:51:22,112 [INFO] PluginManage:356 - Loaded plugin updater (category:base,tabindex:12)
2023-02-08 20:51:22,113 [INFO] PluginManage:280 - PluginManage : Loaded plugins [15]
2023-02-08 20:51:22,458 [INFO] PinOutPanel:1477 - setPackage(No Configuration,No Configuration)
2023-02-08 20:51:22,543 [INFO] CADModel:164 - CPN selected for project level
2023-02-08 20:51:22,544 [INFO] CADModel:113 - Register for checkConnection events
2023-02-08 20:51:22,561 [INFO] IPUIPlugin:79 - create IPUIPlugin
2023-02-08 20:51:22,562 [INFO] PluginManager:219 - loadIPPluginJar : add usart
2023-02-08 20:51:22,565 [INFO] IPUIPlugin:79 - create IPUIPlugin
2023-02-08 20:51:22,565 [INFO] PluginManager:219 - loadIPPluginJar : add gfxmmu
2023-02-08 20:51:22,568 [INFO] IPUIPlugin:79 - create IPUIPlugin
2023-02-08 20:51:22,568 [INFO] PluginManager:219 - loadIPPluginJar : add quadspi
2023-02-08 20:51:22,572 [INFO] IPUIPlugin:79 - create IPUIPlugin
2023-02-08 20:51:22,572 [INFO] PluginManager:219 - loadIPPluginJar : add can
2023-02-08 20:51:22,574 [INFO] IPUIPlugin:79 - create IPUIPlugin
2023-02-08 20:51:22,574 [INFO] PluginManager:219 - loadIPPluginJar : add fatfs
2023-02-08 20:51:22,576 [INFO] IPUIPlugin:79 - create IPUIPlugin
2023-02-08 20:51:22,576 [INFO] PluginManager:219 - loadIPPluginJar : add tracer_emb
2023-02-08 20:51:22,583 [INFO] IPUIPlugin:79 - create IPUIPlugin
2023-02-08 20:51:22,584 [INFO] PluginManager:219 - loadIPPluginJar : add mdma
2023-02-08 20:51:22,588 [INFO] IPUIPlugin:79 - create IPUIPlugin
2023-02-08 20:51:22,588 [INFO] PluginManager:219 - loadIPPluginJar : add ucpd
2023-02-08 20:51:22,590 [INFO] IPUIPlugin:79 - create IPUIPlugin
2023-02-08 20:51:22,590 [INFO] PluginManager:219 - loadIPPluginJar : add dfsdm
2023-02-08 20:51:22,595 [INFO] IPUIPlugin:79 - create IPUIPlugin
2023-02-08 20:51:22,595 [INFO] PluginManager:219 - loadIPPluginJar : add resmgrutility
2023-02-08 20:51:22,602 [INFO] IPUIPlugin:79 - create IPUIPlugin
2023-02-08 20:51:22,603 [INFO] PluginManager:219 - loadIPPluginJar : add freertos
2023-02-08 20:51:22,606 [INFO] IPUIPlugin:79 - create IPUIPlugin
2023-02-08 20:51:22,606 [INFO] PluginManager:219 - loadIPPluginJar : add hash
2023-02-08 20:51:22,611 [INFO] IPUIPlugin:79 - create IPUIPlugin
2023-02-08 20:51:22,611 [INFO] PluginManager:219 - loadIPPluginJar : add stm32_wpan
2023-02-08 20:51:22,615 [INFO] IPUIPlugin:79 - create IPUIPlugin
2023-02-08 20:51:22,615 [INFO] PluginManager:219 - loadIPPluginJar : add usbx
2023-02-08 20:51:22,619 [INFO] IPUIPlugin:79 - create IPUIPlugin
2023-02-08 20:51:22,620 [INFO] PluginManager:219 - loadIPPluginJar : add i2c
2023-02-08 20:51:22,623 [INFO] IPUIPlugin:79 - create IPUIPlugin
2023-02-08 20:51:22,624 [INFO] PluginManager:219 - loadIPPluginJar : add gtzc
2023-02-08 20:51:22,628 [INFO] IPUIPlugin:79 - create IPUIPlugin
2023-02-08 20:51:22,629 [INFO] PluginManager:219 - loadIPPluginJar : add touchsensing
2023-02-08 20:51:22,632 [INFO] IPUIPlugin:79 - create IPUIPlugin
2023-02-08 20:51:22,633 [INFO] PluginManager:219 - loadIPPluginJar : add openamp
2023-02-08 20:51:22,641 [INFO] IPUIPlugin:79 - create IPUIPlugin
2023-02-08 20:51:22,641 [INFO] PluginManager:219 - loadIPPluginJar : add adc
2023-02-08 20:51:22,642 [INFO] IPUIPlugin:79 - create IPUIPlugin
2023-02-08 20:51:22,643 [INFO] PluginManager:219 - loadIPPluginJar : add tsc
2023-02-08 20:51:22,645 [INFO] IPUIPlugin:79 - create IPUIPlugin
2023-02-08 20:51:22,645 [INFO] PluginManager:219 - loadIPPluginJar : add comp
2023-02-08 20:51:22,653 [INFO] IPUIPlugin:79 - create IPUIPlugin
2023-02-08 20:51:22,653 [INFO] PluginManager:219 - loadIPPluginJar : add dma
2023-02-08 20:51:22,655 [INFO] IPUIPlugin:79 - create IPUIPlugin
2023-02-08 20:51:22,656 [INFO] PluginManager:219 - loadIPPluginJar : add ts
2023-02-08 20:51:22,660 [INFO] IPUIPlugin:79 - create IPUIPlugin
2023-02-08 20:51:22,660 [INFO] PluginManager:219 - loadIPPluginJar : add gpio
2023-02-08 20:51:22,663 [INFO] IPUIPlugin:79 - create IPUIPlugin
2023-02-08 20:51:22,664 [INFO] PluginManager:219 - loadIPPluginJar : add sai
2023-02-08 20:51:22,670 [INFO] IPUIPlugin:79 - create IPUIPlugin
2023-02-08 20:51:22,670 [INFO] PluginManager:219 - loadIPPluginJar : add fmc
2023-02-08 20:51:22,673 [INFO] IPUIPlugin:79 - create IPUIPlugin
2023-02-08 20:51:22,673 [INFO] PluginManager:219 - loadIPPluginJar : add pdm2pcm
2023-02-08 20:51:22,675 [INFO] IPUIPlugin:79 - create IPUIPlugin
2023-02-08 20:51:22,676 [INFO] PluginManager:219 - loadIPPluginJar : add genericplugin
2023-02-08 20:51:22,683 [INFO] IPUIPlugin:79 - create IPUIPlugin
2023-02-08 20:51:22,684 [INFO] PluginManager:219 - loadIPPluginJar : add linkedlist
2023-02-08 20:51:22,692 [INFO] IPUIPlugin:79 - create IPUIPlugin
2023-02-08 20:51:22,696 [INFO] PluginManager:219 - loadIPPluginJar : add plateformsettings
2023-02-08 20:51:22,699 [INFO] IPUIPlugin:79 - create IPUIPlugin
2023-02-08 20:51:22,699 [INFO] PluginManager:219 - loadIPPluginJar : add aes
2023-02-08 20:51:22,702 [INFO] IPUIPlugin:79 - create IPUIPlugin
2023-02-08 20:51:22,703 [INFO] PluginManager:219 - loadIPPluginJar : add tim
2023-02-08 20:51:22,704 [INFO] IPUIPlugin:79 - create IPUIPlugin
2023-02-08 20:51:22,705 [INFO] PluginManager:219 - loadIPPluginJar : add ltdc
2023-02-08 20:51:22,707 [INFO] IPUIPlugin:79 - create IPUIPlugin
2023-02-08 20:51:22,708 [INFO] PluginManager:219 - loadIPPluginJar : add cryp
2023-02-08 20:51:22,710 [INFO] IPUIPlugin:79 - create IPUIPlugin
2023-02-08 20:51:22,710 [INFO] PluginManager:219 - loadIPPluginJar : add spi
2023-02-08 20:51:22,713 [INFO] IPUIPlugin:79 - create IPUIPlugin
2023-02-08 20:51:22,714 [INFO] PluginManager:219 - loadIPPluginJar : add i2s
2023-02-08 20:51:22,720 [INFO] IPUIPlugin:79 - create IPUIPlugin
2023-02-08 20:51:22,720 [INFO] PluginManager:219 - loadIPPluginJar : add opamp
2023-02-08 20:51:22,722 [INFO] IPUIPlugin:79 - create IPUIPlugin
2023-02-08 20:51:22,723 [INFO] PluginManager:219 - loadIPPluginJar : add lorawan
2023-02-08 20:51:22,728 [INFO] IPUIPlugin:79 - create IPUIPlugin
2023-02-08 20:51:22,728 [INFO] PluginManager:219 - loadIPPluginJar : add gic
2023-02-08 20:51:22,730 [INFO] IPUIPlugin:79 - create IPUIPlugin
2023-02-08 20:51:22,731 [INFO] PluginManager:219 - loadIPPluginJar : add dma3
2023-02-08 20:51:22,735 [INFO] IPUIPlugin:79 - create IPUIPlugin
2023-02-08 20:51:22,736 [INFO] PluginManager:219 - loadIPPluginJar : add ipddr
2023-02-08 20:51:22,740 [INFO] IPUIPlugin:79 - create IPUIPlugin
2023-02-08 20:51:22,740 [INFO] PluginManager:219 - loadIPPluginJar : add nvic
2023-02-08 20:51:22,875 [INFO] CADModel:164 - CPN selected for project level
2023-02-08 20:51:22,875 [INFO] CADModel:113 - Register for checkConnection events
2023-02-08 20:51:22,875 [FATAL] Updater:308 - Updater called before beeing initialized
2023-02-08 20:51:22,876 [ERROR] CADModel:124 - Updater not yet initialized, retry later 
2023-02-08 20:51:23,076 [INFO] CADModel:164 - CPN selected for project level
2023-02-08 20:51:23,077 [INFO] CADModel:113 - Register for checkConnection events
2023-02-08 20:51:23,077 [FATAL] Updater:308 - Updater called before beeing initialized
2023-02-08 20:51:23,077 [ERROR] CADModel:124 - Updater not yet initialized, retry later 
2023-02-08 20:51:23,082 [FATAL] Updater:308 - Updater called before beeing initialized
2023-02-08 20:51:23,206 [FATAL] Updater:308 - Updater called before beeing initialized
2023-02-08 20:51:23,217 [INFO] DbMcusAds:52 - JSON generation date=Wed Jan 18 08:17:18 CST 2023 (1674051438939)
2023-02-08 20:51:23,217 [FATAL] Updater:308 - Updater called before beeing initialized
2023-02-08 20:51:23,265 [WARN] DetailPanel:344 - Failed to get advertising image, set to default
2023-02-08 20:51:23,405 [FATAL] Updater:308 - Updater called before beeing initialized
2023-02-08 20:51:23,407 [FATAL] Updater:308 - Updater called before beeing initialized
2023-02-08 20:51:23,407 [FATAL] Updater:308 - Updater called before beeing initialized
2023-02-08 20:51:23,407 [WARN] DetailPanel:344 - Failed to get advertising image, set to default
2023-02-08 20:51:23,409 [FATAL] Updater:308 - Updater called before beeing initialized
2023-02-08 20:51:23,467 [ERROR] Updater:1120 - MainUpdater not yet initialized. External WinMGr cannot be set.
2023-02-08 20:51:23,470 [INFO] Updater:1056 - Updater Version found : 6.7.0
2023-02-08 20:51:23,494 [INFO] ApplicationProperties:181 - Using Application install path: /opt/st/stm32cubeide_1.11.0/plugins/com.st.stm32cube.common.mx_6.7.0.202211181646
2023-02-08 20:51:23,785 [INFO] MainUpdater:2800 - connection check result : 10
2023-02-08 20:51:23,786 [INFO] MainUpdater:282 - Updater Check For Update Now.
2023-02-08 20:51:23,787 [INFO] MicroXplorer:481 - Change Database Version : DB.6.0.70
2023-02-08 20:51:23,988 [INFO] CheckServerUpdateThread:119 - End of CheckServer Thread
2023-02-08 20:51:24,011 [INFO] MainUpdater:2800 - connection check result : 10
2023-02-08 20:51:24,631 [INFO] ApiDb:580 - Connected to CubeFinder SQLite database (/home/gx1400/.stmcufinder/plugins/mcufinder/mcu/cube-finder-db.db)
2023-02-08 20:51:24,707 [INFO] ApiDb:667 - CubeFinder database Data Model version=2.1
2023-02-08 20:51:24,707 [INFO] ApiDb:668 - CubeFinder database Configuration version=3.0.35
2023-02-08 20:51:24,708 [INFO] ApiDb:669 - CubeFinder database generation date=2023-02-02 (1675320190)
2023-02-08 20:51:24,708 [INFO] ApiDb:670 - CubeFinder database FW Pack versions=[FP-ATR-ASTRA1_V1.1.1, STM32Cube_FW_C0_V1.0.1, STM32Cube_FW_F4_V1.27.1, STM32Cube_FW_F7_V1.17.0, STM32Cube_FW_G0_V1.6.1, STM32Cube_FW_G4_V1.5.0, STM32Cube_FW_H5_V0.5.1, STM32Cube_FW_H7_V1.11.0, STM32Cube_FW_L5_V1.5.0, STM32Cube_FW_U5_V1.1.1, STM32Cube_FW_WBA_V0.2.0, STM32Cube_FW_WB_V1.15.0, STM32Cube_FW_WB_V1.15.0RC1, STM32Cube_FW_WL_V1.3.0, X-CUBE-ALGOBUILD_V1.3.0, X-CUBE-ALS_V1.0.1, X-CUBE-AZRTOS-F4_V1.1.0, X-CUBE-AZRTOS-F7_V1.1.0, X-CUBE-AZRTOS-G0_V1.1.0, X-CUBE-AZRTOS-G4_V1.0.0, X-CUBE-AZRTOS-H7_V3.0.0, X-CUBE-AZRTOS-L4_V1.0.0, X-CUBE-AZRTOS-L5_V1.1.0, X-CUBE-AZRTOS-WB_V1.1.0, X-CUBE-AZRTOS-WL_V1.0.0, X-CUBE-BLE1_V6.2.4, X-CUBE-BLE2_V3.3.0, X-CUBE-BLEMGR_V1.3.0, X-CUBE-EEPRMA1_V4.1.0, X-CUBE-GNSS1_V6.0.0, X-CUBE-MEMS1_V9.1.0, X-CUBE-MEMS1_V9.3.0, X-CUBE-MEMS1_V9.4.0, X-CUBE-NFC4_V3.0.0, X-CUBE-NFC7_V1.0.0, X-CUBE-SFXS2LP1_V4.0.0, X-CUBE-SUBG2_V5.0.0]
2023-02-08 20:51:25,041 [WARN] PackLoader:242 - Cannot read IP mode file for STMicroelectronics.X-CUBE-GNSS1.6.0.0
2023-02-08 20:51:25,129 [WARN] PackLoader:242 - Cannot read IP mode file for STMicroelectronics.X-CUBE-AZRTOS-F4.1.1.0
2023-02-08 20:51:25,204 [WARN] PackLoader:242 - Cannot read IP mode file for STMicroelectronics.X-CUBE-AZRTOS-F7.1.1.0
2023-02-08 20:51:25,233 [WARN] PackLoader:242 - Cannot read IP mode file for STMicroelectronics.X-CUBE-BLE1.6.2.4
2023-02-08 20:51:25,248 [WARN] PackLoader:242 - Cannot read IP mode file for emotas.I-CUBE-CANOPEN.1.1.3
2023-02-08 20:51:25,260 [WARN] PackLoader:242 - Cannot read IP mode file for STMicroelectronics.X-CUBE-DISPLAY.3.0.0
2023-02-08 20:51:25,273 [WARN] PackLoader:242 - Cannot read IP mode file for wolfSSL.I-CUBE-wolfSSL.5.5.4
2023-02-08 20:51:25,279 [WARN] PackLoader:242 - Cannot read IP mode file for STMicroelectronics.X-CUBE-NFC7.1.0.0
2023-02-08 20:51:25,289 [WARN] PackLoader:242 - Cannot read IP mode file for STMicroelectronics.X-CUBE-EEPRMA1.4.1.0
2023-02-08 20:51:25,303 [WARN] PackLoader:242 - Cannot read IP mode file for STMicroelectronics.X-CUBE-SFXS2LP1.4.0.0
2023-02-08 20:51:25,311 [WARN] PackLoader:242 - Cannot read IP mode file for STMicroelectronics.X-CUBE-BLE2.3.3.0
2023-02-08 20:51:25,320 [WARN] PackLoader:242 - Cannot read IP mode file for STMicroelectronics.X-CUBE-DISPLAY.2.2.0
2023-02-08 20:51:25,341 [WARN] PackLoader:242 - Cannot read IP mode file for STMicroelectronics.X-CUBE-TOF1.3.2.0
2023-02-08 20:51:25,425 [WARN] PackLoader:242 - Cannot read IP mode file for STMicroelectronics.X-CUBE-AZRTOS-H7.3.0.0
2023-02-08 20:51:25,443 [WARN] PackLoader:242 - Cannot read IP mode file for STMicroelectronics.X-CUBE-ISPU.1.1.0
2023-02-08 20:51:25,464 [WARN] PackLoader:242 - Cannot read IP mode file for RoweBots.I-CUBE-UNISONRTOS.5.5.0-4
2023-02-08 20:51:25,477 [WARN] PackLoader:242 - Cannot read IP mode file for STMicroelectronics.X-CUBE-TOUCHGFX.4.21.1
2023-02-08 20:51:25,624 [WARN] PackLoader:242 - Cannot read IP mode file for STMicroelectronics.X-CUBE-MEMS1.9.4.0
2023-02-08 20:51:25,937 [WARN] PackLoader:242 - Cannot read IP mode file for STMicroelectronics.X-CUBE-AI.7.3.0
2023-02-08 20:51:25,947 [WARN] PackLoader:242 - Cannot read IP mode file for STMicroelectronics.X-CUBE-ALGOBUILD.1.3.0
2023-02-08 20:51:25,973 [WARN] PackLoader:242 - Cannot read IP mode file for STMicroelectronics.X-CUBE-AZRTOS-L5.1.1.0
2023-02-08 20:51:26,014 [WARN] PackLoader:242 - Cannot read IP mode file for STMicroelectronics.X-CUBE-AZRTOS-G0.1.1.0
2023-02-08 20:51:26,047 [WARN] PackLoader:242 - Cannot read IP mode file for STMicroelectronics.X-CUBE-SUBG2.5.0.0
2023-02-08 20:51:26,067 [WARN] PackLoader:242 - Cannot read IP mode file for STMicroelectronics.X-CUBE-NFC4.3.0.0
2023-02-08 20:51:26,072 [WARN] PackLoader:242 - Cannot read IP mode file for STMicroelectronics.FP-ATR-ASTRA1.1.1.1
2023-02-08 20:51:26,090 [WARN] PackLoader:242 - Cannot read IP mode file for STMicroelectronics.X-CUBE-BLEMGR.1.3.0
2023-02-08 20:51:26,124 [WARN] PackLoader:242 - Cannot read IP mode file for STMicroelectronics.X-CUBE-AZRTOS-G4.1.0.0
2023-02-08 20:51:26,133 [WARN] PackLoader:242 - Cannot read IP mode file for STMicroelectronics.FP-ATR-SIGFOX1.3.2.0
2023-02-08 20:51:26,188 [WARN] PackLoader:242 - Cannot read IP mode file for STMicroelectronics.X-CUBE-AZRTOS-L4.1.0.0
2023-02-08 20:51:26,218 [WARN] PackLoader:242 - Cannot read IP mode file for STMicroelectronics.X-CUBE-AZRTOS-WL.1.0.0
2023-02-08 20:51:26,229 [WARN] PackLoader:242 - Cannot read IP mode file for portGmbH.I-Cube-SoM-uGOAL.1.1.0
2023-02-08 20:51:26,235 [WARN] PackLoader:242 - Cannot read IP mode file for STMicroelectronics.X-CUBE-ALS.1.0.1
2023-02-08 20:51:26,356 [WARN] PackLoader:242 - Cannot read IP mode file for STMicroelectronics.X-CUBE-MEMS1.9.5.0
2023-02-08 20:51:26,694 [WARN] PackLoader:242 - Cannot read IP mode file for STMicroelectronics.X-CUBE-AZRTOS-WB.1.1.0
2023-02-08 20:51:26,805 [WARN] PackLoader:242 - Cannot read IP mode file for SEGGER.I-CUBE-embOS.1.3.0
2023-02-08 20:51:26,919 [INFO] ThirdParty:947 - Integrity check success = true
2023-02-08 20:51:26,923 [INFO] IntegrityCheckThread:98 - exiting critical section [integrity check]
2023-02-08 20:51:26,923 [INFO] IntegrityCheckThread:101 - End integrity checks thread
2023-02-08 20:51:28,725 [INFO] ApiDb:239 - Found 143 in-development CPN: [B-WB1M-WPAN1, B-WL5M-SUBG1, NUCLEO-C031C6, STEVAL-PROTEUS1, STEVAL-STWINBX1, STM320518-EVAL, STM32C0116-DK, STM32C011D6Y3TR, STM32C011D6Y6TR, STM32C011F4P3, STM32C011F4P6, STM32C011F4U3, STM32C011F4U6TR, STM32C011F6P3, STM32C011F6P6, STM32C011F6U3, STM32C011F6U6TR, STM32C011J4M3, STM32C011J4M6, STM32C011J6M3, STM32C011J6M6, STM32C0316-DK, STM32C031C4T3, STM32C031C4T6, STM32C031C4U3, STM32C031C4U6, STM32C031C6T3, STM32C031C6T6, STM32C031C6U3, STM32C031C6U6, STM32C031F4P3, STM32C031F4P6, STM32C031F6P3, STM32C031F6P6, STM32C031G4U3, STM32C031G4U6, STM32C031G6U3, STM32C031G6U6, STM32C031K4T3, STM32C031K4T6, STM32C031K4U3, STM32C031K4U6, STM32C031K6T3, STM32C031K6T6, STM32C031K6U3, STM32C031K6U6, STM32G071K8TXN, STM32G071K8UXN, STM32G081GBU6N, STM32G081KBT6N, STM32G081KBUXN, STM32G0B1CCT6N, STM32G0B1KCT6, STM32G0B1NEY6TR, STM32G0B1RCT6N, STM32G0C1CCT6, STM32G0C1CCT6N, STM32G0C1CCU6N, STM32G0C1CET6N, STM32G0C1CEU6N, STM32G0C1KCT6, STM32G0C1NEY6TR, STM32G0C1RCI6N, STM32G0C1RCT6N, STM32G0C1REI6N, STM32G0C1RET6N, STM32G0C1VCI6, STM32G0C1VEI6, STM32G471CCT6, STM32G471CCU6, STM32G471CET3, STM32G471CET6, STM32G471CEU3, STM32G471CEU6, STM32G471MCT6, STM32G471MET3, STM32G471MET6, STM32G471MEY6TR, STM32G471QCT6, STM32G471QET3, STM32G471RCT6, STM32G471RET3, STM32G471RET6, STM32G471VCH6, STM32G471VCI6, STM32G471VCT6, STM32G471VEH3, STM32G471VEH6, STM32G471VEI3, STM32G471VEI6, STM32G471VET3, STM32G471VET6, STM32G474CCT6, STM32L476VGY6PTR, STM32L4R5QGI6STR, STM32MP131AAE3, STM32MP131AAF3, STM32MP131AAG3, STM32MP131CAE3, STM32MP131CAF3, STM32MP131CAG3, STM32MP131DAE7, STM32MP131DAF7, STM32MP131DAG7, STM32MP131FAE7, STM32MP131FAF7, STM32MP131FAG7, STM32MP133AAE3, STM32MP133AAF3, STM32MP133AAG3, STM32MP133CAE3, STM32MP133CAF3, STM32MP133CAG3, STM32MP133DAE7, STM32MP133DAF7, STM32MP133DAG7, STM32MP133FAE7, STM32MP133FAF7, STM32MP133FAG7, STM32MP135AAE3, STM32MP135AAF3, STM32MP135AAG3, STM32MP135CAE3, STM32MP135CAF3, STM32MP135CAG3, STM32MP135DAE7, STM32MP135DAF7, STM32MP135DAG7, STM32MP135F-DK, STM32MP135FAE7, STM32MP135FAF7, STM32MP135FAF7T, STM32MP135FAF7U, STM32MP135FAG7, STM32U595ZJT6Q, STM32U599BJY6QTR, STM32U599NIH6Q, STM32U599NJH6Q, STM32U5A5ZJT6Q, STM32U5A9BJY6QTR, STM32U5A9NJH6Q, STM32WB1MMCH6, STM32WL5MOCH6TR]
2023-02-08 20:51:28,732 [INFO] DbMcus:215 - Found 3582 MCUs, 3582 are supported
2023-02-08 20:51:28,735 [INFO] ApiDb:422 - Load user favorites file /home/gx1400/.stm32cubeide/favorites.mcus.txt: 0 item(s)
2023-02-08 20:51:28,735 [INFO] ApiDb:426 - User favorites MCUs=[]
2023-02-08 20:51:28,736 [INFO] DbMcus:221 - Set 0 / 0 favorites MCUs
2023-02-08 20:51:29,017 [INFO] McuFinderGlobals:65 - Set McuFinderConnectedMode to true
2023-02-08 20:51:29,033 [INFO] MultiScanPanel:196 - Auto-refresh data requested => check proxy status ongoing
2023-02-08 20:51:29,036 [INFO] FinderPluginLoader:92 - Searching for filters in installed packs
2023-02-08 20:51:30,802 [INFO] LoadUrlFilesThread:179 - End of LoadServerUrlFiles without Thread
2023-02-08 20:51:30,853 [INFO] DetailPanel:339 - Set advertising image to /home/gx1400/STM32Cube/Repository//en.prom-stm32c0-0123.jpg
2023-02-08 20:51:32,038 [INFO] ApiDb:667 - CubeFinder database Data Model version=2.1
2023-02-08 20:51:32,039 [INFO] ApiDb:668 - CubeFinder database Configuration version=3.0.35
2023-02-08 20:51:32,040 [INFO] ApiDb:669 - CubeFinder database generation date=2023-02-02 (1675320190)
2023-02-08 20:51:32,040 [INFO] ApiDb:670 - CubeFinder database FW Pack versions=[FP-ATR-ASTRA1_V1.1.1, STM32Cube_FW_C0_V1.0.1, STM32Cube_FW_F4_V1.27.1, STM32Cube_FW_F7_V1.17.0, STM32Cube_FW_G0_V1.6.1, STM32Cube_FW_G4_V1.5.0, STM32Cube_FW_H5_V0.5.1, STM32Cube_FW_H7_V1.11.0, STM32Cube_FW_L5_V1.5.0, STM32Cube_FW_U5_V1.1.1, STM32Cube_FW_WBA_V0.2.0, STM32Cube_FW_WB_V1.15.0, STM32Cube_FW_WB_V1.15.0RC1, STM32Cube_FW_WL_V1.3.0, X-CUBE-ALGOBUILD_V1.3.0, X-CUBE-ALS_V1.0.1, X-CUBE-AZRTOS-F4_V1.1.0, X-CUBE-AZRTOS-F7_V1.1.0, X-CUBE-AZRTOS-G0_V1.1.0, X-CUBE-AZRTOS-G4_V1.0.0, X-CUBE-AZRTOS-H7_V3.0.0, X-CUBE-AZRTOS-L4_V1.0.0, X-CUBE-AZRTOS-L5_V1.1.0, X-CUBE-AZRTOS-WB_V1.1.0, X-CUBE-AZRTOS-WL_V1.0.0, X-CUBE-BLE1_V6.2.4, X-CUBE-BLE2_V3.3.0, X-CUBE-BLEMGR_V1.3.0, X-CUBE-EEPRMA1_V4.1.0, X-CUBE-GNSS1_V6.0.0, X-CUBE-MEMS1_V9.1.0, X-CUBE-MEMS1_V9.3.0, X-CUBE-MEMS1_V9.4.0, X-CUBE-NFC4_V3.0.0, X-CUBE-NFC7_V1.0.0, X-CUBE-SFXS2LP1_V4.0.0, X-CUBE-SUBG2_V5.0.0]
2023-02-08 20:51:32,242 [INFO] DbBoardsSqlite:225 - include board P-NUCLEO-WB55-NUCLEO as a kit item of type 'Nucleo-64'
2023-02-08 20:51:32,243 [INFO] DbBoardsSqlite:225 - include board P-NUCLEO-WB55-USBDONGLE as a kit item of type 'Nucleo USB Dongle'
2023-02-08 20:51:32,245 [INFO] DbBoardsSqlite:225 - include board STEVAL-IDP005V1 as a kit item of type 'Evaluation Board'
2023-02-08 20:51:32,246 [INFO] DbBoardsSqlite:225 - include board STEVAL-IDP005V2 as a kit item of type 'Evaluation Board'
2023-02-08 20:51:32,341 [INFO] ApiDb:239 - Found 143 in-development CPN: [B-WB1M-WPAN1, B-WL5M-SUBG1, NUCLEO-C031C6, STEVAL-PROTEUS1, STEVAL-STWINBX1, STM320518-EVAL, STM32C0116-DK, STM32C011D6Y3TR, STM32C011D6Y6TR, STM32C011F4P3, STM32C011F4P6, STM32C011F4U3, STM32C011F4U6TR, STM32C011F6P3, STM32C011F6P6, STM32C011F6U3, STM32C011F6U6TR, STM32C011J4M3, STM32C011J4M6, STM32C011J6M3, STM32C011J6M6, STM32C0316-DK, STM32C031C4T3, STM32C031C4T6, STM32C031C4U3, STM32C031C4U6, STM32C031C6T3, STM32C031C6T6, STM32C031C6U3, STM32C031C6U6, STM32C031F4P3, STM32C031F4P6, STM32C031F6P3, STM32C031F6P6, STM32C031G4U3, STM32C031G4U6, STM32C031G6U3, STM32C031G6U6, STM32C031K4T3, STM32C031K4T6, STM32C031K4U3, STM32C031K4U6, STM32C031K6T3, STM32C031K6T6, STM32C031K6U3, STM32C031K6U6, STM32G071K8TXN, STM32G071K8UXN, STM32G081GBU6N, STM32G081KBT6N, STM32G081KBUXN, STM32G0B1CCT6N, STM32G0B1KCT6, STM32G0B1NEY6TR, STM32G0B1RCT6N, STM32G0C1CCT6, STM32G0C1CCT6N, STM32G0C1CCU6N, STM32G0C1CET6N, STM32G0C1CEU6N, STM32G0C1KCT6, STM32G0C1NEY6TR, STM32G0C1RCI6N, STM32G0C1RCT6N, STM32G0C1REI6N, STM32G0C1RET6N, STM32G0C1VCI6, STM32G0C1VEI6, STM32G471CCT6, STM32G471CCU6, STM32G471CET3, STM32G471CET6, STM32G471CEU3, STM32G471CEU6, STM32G471MCT6, STM32G471MET3, STM32G471MET6, STM32G471MEY6TR, STM32G471QCT6, STM32G471QET3, STM32G471RCT6, STM32G471RET3, STM32G471RET6, STM32G471VCH6, STM32G471VCI6, STM32G471VCT6, STM32G471VEH3, STM32G471VEH6, STM32G471VEI3, STM32G471VEI6, STM32G471VET3, STM32G471VET6, STM32G474CCT6, STM32L476VGY6PTR, STM32L4R5QGI6STR, STM32MP131AAE3, STM32MP131AAF3, STM32MP131AAG3, STM32MP131CAE3, STM32MP131CAF3, STM32MP131CAG3, STM32MP131DAE7, STM32MP131DAF7, STM32MP131DAG7, STM32MP131FAE7, STM32MP131FAF7, STM32MP131FAG7, STM32MP133AAE3, STM32MP133AAF3, STM32MP133AAG3, STM32MP133CAE3, STM32MP133CAF3, STM32MP133CAG3, STM32MP133DAE7, STM32MP133DAF7, STM32MP133DAG7, STM32MP133FAE7, STM32MP133FAF7, STM32MP133FAG7, STM32MP135AAE3, STM32MP135AAF3, STM32MP135AAG3, STM32MP135CAE3, STM32MP135CAF3, STM32MP135CAG3, STM32MP135DAE7, STM32MP135DAF7, STM32MP135DAG7, STM32MP135F-DK, STM32MP135FAE7, STM32MP135FAF7, STM32MP135FAF7T, STM32MP135FAF7U, STM32MP135FAG7, STM32U595ZJT6Q, STM32U599BJY6QTR, STM32U599NIH6Q, STM32U599NJH6Q, STM32U5A5ZJT6Q, STM32U5A9BJY6QTR, STM32U5A9NJH6Q, STM32WB1MMCH6, STM32WL5MOCH6TR]
2023-02-08 20:51:32,551 [INFO] BoardInfo:879 - No configuration file found for board P-NUCLEO-WB55
2023-02-08 20:51:32,552 [INFO] DbBoards:156 - Kit is not supported: P-NUCLEO-WB55
2023-02-08 20:51:32,562 [INFO] BoardInfo:879 - No configuration file found for board STEVAL-BFA001V1B
2023-02-08 20:51:32,563 [INFO] DbBoards:156 - Kit is not supported: STEVAL-BFA001V1B
2023-02-08 20:51:32,570 [INFO] BoardInfo:879 - No configuration file found for board STEVAL-BFA001V2B
2023-02-08 20:51:32,570 [INFO] DbBoards:156 - Kit is not supported: STEVAL-BFA001V2B
2023-02-08 20:51:32,832 [INFO] DbBoards:160 - Found 179 boards, 176 are supported
2023-02-08 20:51:32,848 [INFO] ApiDb:422 - Load user favorites file /home/gx1400/.stm32cubeide/favorites.boards.txt: 0 item(s)
2023-02-08 20:51:32,849 [INFO] ApiDb:426 - User favorites Boards=[]
2023-02-08 20:51:32,850 [INFO] DbBoards:189 - Set 0 / 0 favorites Boards
2023-02-08 20:51:35,240 [ERROR] LogOutputStream:74 - [STDERR_REDIRECT] SLF4J: Failed to load class "org.slf4j.impl.StaticLoggerBinder".
2023-02-08 20:51:35,245 [ERROR] LogOutputStream:74 - [STDERR_REDIRECT] SLF4J: Defaulting to no-operation (NOP) logger implementation
2023-02-08 20:51:35,247 [ERROR] LogOutputStream:74 - [STDERR_REDIRECT] SLF4J: See http://www.slf4j.org/codes.html#StaticLoggerBinder for further details.
2023-02-08 20:52:39,339 [INFO] McuFinderGlobals:65 - Set McuFinderConnectedMode to true
2023-02-08 20:52:39,349 [INFO] ApiDb:447 - Save user favorites file /home/gx1400/.stm32cubeide/favorites.mcus.txt: 0 item(s)
2023-02-08 20:52:39,350 [INFO] ApiDb:451 - User favorites MCUs=[]
2023-02-08 20:52:44,094 [INFO] JxBrowserEngine:114 - Initiate JxBrowser Engine with user profile folder
2023-02-08 20:52:45,091 [INFO] WebAppUi:459 - Close the Jxbrowser engine manually
2023-02-08 20:52:45,100 [INFO] WebAppUi:462 - Profiles folder deleted
2023-02-08 20:52:45,549 [ERROR] LogOutputStream:74 - [STDERR_REDIRECT] 
